<?xml version="1.0" encoding="UTF-8"?>
<!-- Generated by org.testng.reporters.JUnitReportReporter -->
<testsuite skipped="0" hostname="LAPTOP-CU4Q43D9" name="com.crm.autodesk.objectrrepositorylib.PriceBook" tests="1" failures="0" timestamp="31 Jan 2021 17:35:06 GMT" time="12.970" errors="0">
  <testcase name="createContactWitORgTest" time="12.970" classname="com.crm.autodesk.objectrrepositorylib.PriceBook"/>
</testsuite> <!-- com.crm.autodesk.objectrrepositorylib.PriceBook -->
