<?xml version="1.0" encoding="UTF-8"?>
<!-- Generated by org.testng.reporters.JUnitReportReporter -->
<testsuite skipped="0" hostname="LAPTOP-CU4Q43D9" name="com.crm.autodesk.AssignmentTestCase.TestCase13" tests="1" failures="0" timestamp="04 Feb 2021 18:26:36 GMT" time="48.668" errors="0">
  <testcase name="invoice_1" time="48.668" classname="com.crm.autodesk.AssignmentTestCase.TestCase13"/>
</testsuite> <!-- com.crm.autodesk.AssignmentTestCase.TestCase13 -->
