<?xml version="1.0" encoding="UTF-8"?>
<!-- Generated by org.testng.reporters.JUnitReportReporter -->
<testsuite skipped="0" hostname="LAPTOP-CU4Q43D9" name="com.crm.autodesk.Invoicetest.Invoice_AutoCreated" tests="1" failures="0" timestamp="01 Feb 2021 09:48:28 GMT" time="58.057" errors="0">
  <testcase name="invoice_1" time="58.057" classname="com.crm.autodesk.Invoicetest.Invoice_AutoCreated"/>
</testsuite> <!-- com.crm.autodesk.Invoicetest.Invoice_AutoCreated -->
