<?xml version="1.0" encoding="UTF-8"?>
<!-- Generated by org.testng.reporters.JUnitReportReporter -->
<testsuite skipped="0" hostname="LAPTOP-CU4Q43D9" name="com.crm.autodesk.AssignmentTestCase.TestCase12" tests="1" failures="0" timestamp="02 Feb 2021 19:31:10 GMT" time="32.896" errors="0">
  <testcase name="invoice_1" time="32.896" classname="com.crm.autodesk.AssignmentTestCase.TestCase12"/>
</testsuite> <!-- com.crm.autodesk.AssignmentTestCase.TestCase12 -->
