<?xml version="1.0" encoding="UTF-8"?>
<!-- Generated by org.testng.reporters.JUnitReportReporter -->
<testsuite skipped="0" hostname="LAPTOP-CU4Q43D9" name="com.crm.autodesk.objectrrepositorylib.Product" tests="1" failures="0" timestamp="31 Jan 2021 14:20:54 GMT" time="15.165" errors="0">
  <testcase name="newProductCreation" time="15.165" classname="com.crm.autodesk.objectrrepositorylib.Product"/>
</testsuite> <!-- com.crm.autodesk.objectrrepositorylib.Product -->
