<?xml version="1.0" encoding="UTF-8"?>
<!-- Generated by org.testng.reporters.JUnitReportReporter -->
<testsuite skipped="0" hostname="LAPTOP-CU4Q43D9" name="com.crm.autodesk.contacttest.CreateContact" tests="1" failures="0" timestamp="31 Jan 2021 12:38:49 GMT" time="22.896" errors="0">
  <testcase name="createContactWitORgTest" time="22.896" classname="com.crm.autodesk.contacttest.CreateContact"/>
</testsuite> <!-- com.crm.autodesk.contacttest.CreateContact -->
